<?xml version="1.0" encoding="UTF-8"?>
<testsuite name="builder.ReceiptBuilderTest" tests="13" skipped="0" failures="0" errors="0" timestamp="2022-12-21T11:05:29" hostname="DESKTOP-3V6MSKP" time="0.071">
  <properties/>
  <testcase name="workOutTaxedSumWithoutDiscountCardApplied()" classname="builder.ReceiptBuilderTest" time="0.042"/>
  <testcase name="addTwoReceiptItemToReceiptItemsList()" classname="builder.ReceiptBuilderTest" time="0.001"/>
  <testcase name="DateTimeShouldBeNow()" classname="builder.ReceiptBuilderTest" time="0.013"/>
  <testcase name="StoreNameShouldNotBeNull()" classname="builder.ReceiptBuilderTest" time="0.001"/>
  <testcase name="TotalDiscountShouldBePricePerUnitByQtyByDiscountRate()" classname="builder.ReceiptBuilderTest" time="0.001"/>
  <testcase name="TaxableTotalOfOneItemWithoutDiscountShouldBePricePerUnitMultiplyByQty()" classname="builder.ReceiptBuilderTest" time="0.001"/>
  <testcase name="DiscountCardShouldSetAsRegisteredCard()" classname="builder.ReceiptBuilderTest" time="0.001"/>
  <testcase name="StoreNameShouldBeWalmart()" classname="builder.ReceiptBuilderTest" time="0.0"/>
  <testcase name="TaxableTotalOfTwoItemsWhereOneisPromotionalButQtyLessThan5ShouldBePricePerUnitMultiplyByQty()" classname="builder.ReceiptBuilderTest" time="0.0"/>
  <testcase name="workOutTaxedSumWithDiscountCardApplied()" classname="builder.ReceiptBuilderTest" time="0.0"/>
  <testcase name="TotalDiscountShouldBeZeroWhenNoDiscountCard()" classname="builder.ReceiptBuilderTest" time="0.0"/>
  <testcase name="DiscountCardShouldSetAsNullCard()" classname="builder.ReceiptBuilderTest" time="0.0"/>
  <testcase name="TaxableTotalOfThreeItemsWhereOneisPromotionalAndQtyMoreThan5ShouldBePricePerUnitMultiplyByQtyMinusDiscountSum()" classname="builder.ReceiptBuilderTest" time="0.0"/>
  <system-out><![CDATA[]]></system-out>
  <system-err><![CDATA[]]></system-err>
</testsuite>
