<?xml version="1.0" encoding="UTF-8"?>
<testsuite name="builder.DirectorTest" tests="2" skipped="0" failures="0" errors="0" timestamp="2022-12-21T08:48:47" hostname="DESKTOP-3V6MSKP" time="0.02">
  <properties/>
  <testcase name="construct()" classname="builder.DirectorTest" time="0.014"/>
  <testcase name="initiateDataTest()" classname="builder.DirectorTest" time="0.005"/>
  <system-out><![CDATA[]]></system-out>
  <system-err><![CDATA[]]></system-err>
</testsuite>
